<?xml version="1.0" encoding="UTF-8"?>
<!-- Generated by org.testng.reporters.JUnitXMLReporter -->
<testsuite ignored="0" hostname="NIBLP1075" failures="0" tests="3" name="Default test" time="11.869" errors="0" timestamp="2022-01-31T10:10:38 IST">
  <testcase classname="TrainingSample.dataProviderTestNG" name="Logintofacebook" time="0.295"/>
  <testcase classname="TrainingSample.dataProviderTestNG" name="Logintofacebook" time="0.201"/>
  <testcase classname="TrainingSample.dataProviderTestNG" name="Logintofacebook" time="0.196"/>
</testsuite> <!-- Default test -->
