<?xml version="1.0" encoding="UTF-8"?>
<testng-results ignored="0" total="3" passed="3" failed="0" skipped="0">
  <reporter-output>
  </reporter-output>
  <suite started-at="2022-01-31T10:10:26 IST" name="Default suite" finished-at="2022-01-31T10:10:38 IST" duration-ms="11869">
    <groups>
    </groups>
    <test started-at="2022-01-31T10:10:26 IST" name="Default test" finished-at="2022-01-31T10:10:38 IST" duration-ms="11869">
      <class name="TrainingSample.dataProviderTestNG">
        <test-method is-config="true" signature="Launchapp()[pri:0, instance:TrainingSample.dataProviderTestNG@57af006c]" started-at="2022-01-31T10:10:26 IST" name="Launchapp" finished-at="2022-01-31T10:10:31 IST" duration-ms="4999" status="PASS">
          <reporter-output>
          </reporter-output>
        </test-method> <!-- Launchapp -->
        <test-method signature="Logintofacebook(java.lang.String,java.lang.String)[pri:0, instance:TrainingSample.dataProviderTestNG@57af006c]" started-at="2022-01-31T10:10:31 IST" name="Logintofacebook" data-provider="facebooklogin" finished-at="2022-01-31T10:10:32 IST" duration-ms="295" status="PASS">
          <params>
            <param index="0">
              <value>
                <![CDATA[shobiya]]>
              </value>
            </param>
            <param index="1">
              <value>
                <![CDATA[password]]>
              </value>
            </param>
          </params>
          <reporter-output>
          </reporter-output>
        </test-method> <!-- Logintofacebook -->
        <test-method is-config="true" signature="teardown()[pri:0, instance:TrainingSample.dataProviderTestNG@57af006c]" started-at="2022-01-31T10:10:32 IST" name="teardown" finished-at="2022-01-31T10:10:32 IST" duration-ms="219" status="PASS">
          <reporter-output>
          </reporter-output>
        </test-method> <!-- teardown -->
        <test-method is-config="true" signature="Launchapp()[pri:0, instance:TrainingSample.dataProviderTestNG@57af006c]" started-at="2022-01-31T10:10:32 IST" name="Launchapp" finished-at="2022-01-31T10:10:35 IST" duration-ms="3134" status="PASS">
          <reporter-output>
          </reporter-output>
        </test-method> <!-- Launchapp -->
        <test-method signature="Logintofacebook(java.lang.String,java.lang.String)[pri:0, instance:TrainingSample.dataProviderTestNG@57af006c]" started-at="2022-01-31T10:10:35 IST" name="Logintofacebook" data-provider="facebooklogin" finished-at="2022-01-31T10:10:35 IST" duration-ms="201" status="PASS">
          <params>
            <param index="0">
              <value>
                <![CDATA[joshi]]>
              </value>
            </param>
            <param index="1">
              <value>
                <![CDATA[franklin]]>
              </value>
            </param>
          </params>
          <reporter-output>
          </reporter-output>
        </test-method> <!-- Logintofacebook -->
        <test-method is-config="true" signature="teardown()[pri:0, instance:TrainingSample.dataProviderTestNG@57af006c]" started-at="2022-01-31T10:10:35 IST" name="teardown" finished-at="2022-01-31T10:10:36 IST" duration-ms="177" status="PASS">
          <reporter-output>
          </reporter-output>
        </test-method> <!-- teardown -->
        <test-method is-config="true" signature="Launchapp()[pri:0, instance:TrainingSample.dataProviderTestNG@57af006c]" started-at="2022-01-31T10:10:36 IST" name="Launchapp" finished-at="2022-01-31T10:10:38 IST" duration-ms="2453" status="PASS">
          <reporter-output>
          </reporter-output>
        </test-method> <!-- Launchapp -->
        <test-method signature="Logintofacebook(java.lang.String,java.lang.String)[pri:0, instance:TrainingSample.dataProviderTestNG@57af006c]" started-at="2022-01-31T10:10:38 IST" name="Logintofacebook" data-provider="facebooklogin" finished-at="2022-01-31T10:10:38 IST" duration-ms="196" status="PASS">
          <params>
            <param index="0">
              <value>
                <![CDATA[seela]]>
              </value>
            </param>
            <param index="1">
              <value>
                <![CDATA[hemima]]>
              </value>
            </param>
          </params>
          <reporter-output>
          </reporter-output>
        </test-method> <!-- Logintofacebook -->
        <test-method is-config="true" signature="teardown()[pri:0, instance:TrainingSample.dataProviderTestNG@57af006c]" started-at="2022-01-31T10:10:38 IST" name="teardown" finished-at="2022-01-31T10:10:38 IST" duration-ms="147" status="PASS">
          <reporter-output>
          </reporter-output>
        </test-method> <!-- teardown -->
      </class> <!-- TrainingSample.dataProviderTestNG -->
    </test> <!-- Default test -->
  </suite> <!-- Default suite -->
</testng-results>
